TN:
SF:funcoes.js
FN:4,(anonymous_0)
FN:6,(anonymous_1)
FN:8,(anonymous_2)
FN:15,(anonymous_3)
FN:18,(anonymous_4)
FN:20,(anonymous_5)
FN:21,(anonymous_6)
FN:22,(anonymous_7)
FNF:8
FNH:6
FNDA:1,(anonymous_0)
FNDA:1,(anonymous_1)
FNDA:3,(anonymous_2)
FNDA:4,(anonymous_3)
FNDA:0,(anonymous_4)
FNDA:2,(anonymous_5)
FNDA:2,(anonymous_6)
FNDA:0,(anonymous_7)
DA:1,1
DA:3,1
DA:4,1
DA:6,1
DA:9,3
DA:10,2
DA:12,1
DA:15,4
DA:18,0
DA:20,2
DA:21,2
DA:22,0
DA:25,1
LF:13
LH:11
BRDA:9,0,0,2
BRDA:9,0,1,1
BRDA:9,1,0,3
BRDA:9,1,1,2
BRF:4
BRH:4
end_of_record
